<?xml version="1.0" encoding="UTF-8"?>
<testsuite name="Open Chrome" tests="1" skipped="0" failures="0" errors="0" timestamp="2021-07-10T07:11:10" hostname="LAPTOP-S126D5A7" time="22.21">
  <properties/>
  <testcase name="Open chrome" classname="Open Chrome" time="22.21"/>
  <system-out><![CDATA[]]></system-out>
  <system-err><![CDATA[Starting ChromeDriver 91.0.4472.101 (af52a90bf87030dd1523486a1cd3ae25c5d76c9b-refs/branch-heads/4472@{#1462}) on port 2180
Only local connections are allowed.
Please see https://chromedriver.chromium.org/security-considerations for suggestions on keeping ChromeDriver safe.
ChromeDriver was started successfully.
jul 10, 2021 2:11:12 AM org.openqa.selenium.remote.ProtocolHandshake createSession
INFORMACIÓN: Detected dialect: W3C
]]></system-err>
</testsuite>
